<?xml version="1.0" encoding="UTF-8"?>
<!-- Generated by org.testng.reporters.JUnitXMLReporter -->
<testsuite ignored="1" hostname="DESKTOP-7JUJR6V" failures="0" tests="1" name="LoginTest" time="5.203" errors="0" timestamp="2024-04-04T03:16:30 IST">
  <testcase classname="com.saucelab.qa.testscenarios.LoginTestScenarios" name="loginTC" time="1.493"/>
  <testcase classname="com.saucelab.qa.testscenarios.LoginTestScenarios" name="verifyLoginPageTitle" time="0.0">
    <ignored/>
  </testcase> <!-- verifyLoginPageTitle -->
</testsuite> <!-- LoginTest -->
