<?xml version="1.0" encoding="UTF-8"?>
<!-- Generated by org.testng.reporters.JUnitXMLReporter -->
<testsuite ignored="4" hostname="DESKTOP-7JUJR6V" failures="0" tests="1" name="ProductListing" time="6.497" errors="0" timestamp="2024-04-04T03:20:44 IST">
  <testcase classname="com.saucelab.qa.testscenarios.ProductHomeTestScenarios" name="verifyProductList" time="2.24"/>
  <testcase classname="com.saucelab.qa.testscenarios.ProductHomeTestScenarios" name="verifyProductListSortingByPrice" time="0.0">
    <ignored/>
  </testcase> <!-- verifyProductListSortingByPrice -->
  <testcase classname="com.saucelab.qa.testscenarios.ProductHomeTestScenarios" name="verifyProductListSortingByName" time="0.0">
    <ignored/>
  </testcase> <!-- verifyProductListSortingByName -->
  <testcase classname="com.saucelab.qa.testscenarios.ProductHomeTestScenarios" name="addToCart" time="0.0">
    <ignored/>
  </testcase> <!-- addToCart -->
  <testcase classname="com.saucelab.qa.testscenarios.ProductHomeTestScenarios" name="verifyProductPageHeader" time="0.0">
    <ignored/>
  </testcase> <!-- verifyProductPageHeader -->
</testsuite> <!-- ProductListing -->
