<?xml version="1.0" encoding="UTF-8"?>
<testng-results ignored="0" total="1" passed="1" failed="0" skipped="0">
  <reporter-output>
  </reporter-output>
  <suite started-at="2024-04-04T03:20:37 IST" name="Suite" finished-at="2024-04-04T03:20:44 IST" duration-ms="6497">
    <groups>
    </groups>
    <test started-at="2024-04-04T03:20:37 IST" name="ProductListing" finished-at="2024-04-04T03:20:44 IST" duration-ms="6497">
      <class name="com.saucelab.qa.testscenarios.ProductHomeTestScenarios">
        <test-method is-config="true" signature="extentInit()[pri:0, instance:com.saucelab.qa.testscenarios.ProductHomeTestScenarios@25ce9dc4]" started-at="2024-04-04T03:20:37 IST" name="extentInit" finished-at="2024-04-04T03:20:38 IST" duration-ms="226" status="PASS">
          <reporter-output>
          </reporter-output>
        </test-method> <!-- extentInit -->
        <test-method is-config="true" signature="setup()[pri:0, instance:com.saucelab.qa.testscenarios.ProductHomeTestScenarios@25ce9dc4]" started-at="2024-04-04T03:20:38 IST" name="setup" finished-at="2024-04-04T03:20:41 IST" duration-ms="3573" status="PASS">
          <reporter-output>
          </reporter-output>
        </test-method> <!-- setup -->
        <test-method signature="verifyProductList()[pri:2, instance:com.saucelab.qa.testscenarios.ProductHomeTestScenarios@25ce9dc4]" started-at="2024-04-04T03:20:41 IST" name="verifyProductList" finished-at="2024-04-04T03:20:43 IST" duration-ms="2240" status="PASS">
          <reporter-output>
          </reporter-output>
        </test-method> <!-- verifyProductList -->
        <test-method is-config="true" signature="teardown()[pri:0, instance:com.saucelab.qa.testscenarios.ProductHomeTestScenarios@25ce9dc4]" started-at="2024-04-04T03:20:43 IST" name="teardown" finished-at="2024-04-04T03:20:44 IST" duration-ms="202" status="PASS">
          <reporter-output>
          </reporter-output>
        </test-method> <!-- teardown -->
        <test-method is-config="true" signature="clear()[pri:0, instance:com.saucelab.qa.testscenarios.ProductHomeTestScenarios@25ce9dc4]" started-at="2024-04-04T03:20:44 IST" name="clear" finished-at="2024-04-04T03:20:44 IST" duration-ms="219" status="PASS">
          <reporter-output>
          </reporter-output>
        </test-method> <!-- clear -->
      </class> <!-- com.saucelab.qa.testscenarios.ProductHomeTestScenarios -->
    </test> <!-- ProductListing -->
  </suite> <!-- Suite -->
</testng-results>
